<?xml version="1.0" encoding="UTF-8"?>
<!-- Generated by org.testng.reporters.JUnitReportReporter -->
<testsuite skipped="0" hostname="qapitol-ThinkPad-L470" name="AppiumPages.TestRunner" tests="1" failures="0" timestamp="18 Jun 2020 15:36:59 GMT" time="49.598" errors="0">
  <testcase name="SampleTest" time="49.598" classname="AppiumPages.TestRunner"/>
</testsuite> <!-- AppiumPages.TestRunner -->
